<?xml version="1.0" encoding="UTF-8"?>
<!-- Generated by org.testng.reporters.JUnitReportReporter -->
<testsuite hostname="DESKTOP-JC69GO9" failures="0" tests="1" name="webdriver.Topic_02_Selenium_By" time="4.690" errors="0" timestamp="05 Jun 2022 08:47:53 GMT" skipped="0">
  <testcase classname="webdriver.Topic_02_Selenium_By" name="TC_01_" time="4.690"/>
</testsuite> <!-- webdriver.Topic_02_Selenium_By -->
