<?xml version="1.0" encoding="UTF-8"?>
<!-- Generated by org.testng.reporters.JUnitReportReporter -->
<testsuite hostname="Macs-MacBook-Air.local" failures="0" tests="1" name="webdriver.Topic_06_Textbox_TextArea" time="33.453" errors="0" timestamp="26 Jul 2022 16:17:42 GMT" skipped="0">
  <testcase classname="webdriver.Topic_06_Textbox_TextArea" name="TC_01_Textbox_TextArea" time="33.453"/>
</testsuite> <!-- webdriver.Topic_06_Textbox_TextArea -->
