<?xml version="1.0" encoding="UTF-8"?>
<!-- Generated by org.testng.reporters.JUnitReportReporter -->
<testsuite hostname="DESKTOP-JC69GO9" failures="0" tests="3" name="webdriver.Topic_01_Setup_Enviroment" time="0.181" errors="0" timestamp="26 Apr 2022 14:25:45 GMT" skipped="0">
  <testcase classname="webdriver.Topic_01_Setup_Enviroment" name="TC_01_ValidateCurrentUrl" time="0.019"/>
  <testcase classname="webdriver.Topic_01_Setup_Enviroment" name="TC_02_ValidatePageTitle" time="0.021"/>
  <testcase classname="webdriver.Topic_01_Setup_Enviroment" name="TC_03_LoginFormDisplayed" time="0.141"/>
</testsuite> <!-- webdriver.Topic_01_Setup_Enviroment -->
